QuestaSim-64 qrun 2023.1 Utility 2023.01 Jan 23 2023
Start time: 10:42:10 on Nov 30,2024
qrun -batch -access=rw+/. -timescale 1ns/1ns -mfcu design.sv testbench.sv -voptargs="+acc=npr" -do " run -all; exit" 
Creating library 'qrun.out/work'.
QuestaSim-64 vlog 2023.1 Compiler 2023.01 Jan 23 2023
Start time: 10:42:10 on Nov 30,2024
vlog -timescale 1ns/1ns -mfcu design.sv testbench.sv -work qrun.out/work -csession=incr -writesessionid "+qrun.out/top_dus" -statslog qrun.out/stats_log 
-- Compiling package design_sv_unit
** Warning: design.sv(8): (vlog-2240) Treating stand-alone use of function 'randomize' as an implicit VOID cast.
-- Compiling module tb_adder

Top level modules:
	tb_adder
End time: 10:42:10 on Nov 30,2024, Elapsed time: 0:00:00
Errors: 0, Warnings: 1
QuestaSim-64 vopt 2023.1 Compiler 2023.01 Jan 23 2023
** Warning: (vopt-10587) Some optimizations are turned off because the +acc switch is in effect. This will cause your simulation to run slowly. Please use -access/-debug to maintain needed visibility.
Start time: 10:42:10 on Nov 30,2024
vopt -access=rw+/. -timescale 1ns/1ns -mfcu "+acc=npr" -findtoplevels /home/runner/qrun.out/work+0+ -work qrun.out/work -statslog qrun.out/stats_log -o qrun_opt 

Top level modules:
	tb_adder

Analyzing design...
-- Loading module tb_adder
Optimizing 2 design-units (inlining 0/1 module instances):
-- Optimizing package design_sv_unit(fast)
** Warning: design.sv(8): (vopt-2240) Treating stand-alone use of function 'randomize' as an implicit VOID cast.
-- Optimizing module tb_adder(fast)
Optimized design name is qrun_opt
End time: 10:42:11 on Nov 30,2024, Elapsed time: 0:00:01
Errors: 0, Warnings: 2
# vsim -batch -voptargs="+acc=npr" -lib qrun.out/work -do " run -all; exit" -statslog qrun.out/stats_log qrun_opt -appendlog -l qrun.log -csession=incr 
# Start time: 10:42:11 on Nov 30,2024
# //  Questa Sim-64
# //  Version 2023.1 linux_x86_64 Jan 23 2023
# //
# //  Copyright 1991-2023 Mentor Graphics Corporation
# //  All Rights Reserved.
# //
# //  QuestaSim and its associated documentation contain trade
# //  secrets and commercial or financial information that are the property of
# //  Mentor Graphics Corporation and are privileged, confidential,
# //  and exempt from disclosure under the Freedom of Information Act,
# //  5 U.S.C. Section 552. Furthermore, this information
# //  is prohibited from disclosure under the Trade Secrets Act,
# //  18 U.S.C. Section 1905.
# //
# Loading sv_std.std
# Loading work.design_sv_unit(fast)
# Loading work.tb_adder(fast)
# 
# run -all
# PASS: 3 + 4 = 7
# PASS: reset operation complete--- of a= 0000 -- b= 0000
# PASS: -2 - 3 = -5
# PASS: reset operation complete--- of a= 0000 -- b= 0000
# PASS: ~ of 1000 = 7
# PASS: -6 + -5 = -11
# PASS: -4 + 0 = -4
# PASS: reset operation complete--- of a= 0000 -- b= 0000
# PASS: reset operation complete--- of a= 0000 -- b= 0000
# PASS: -2 - 1 = -3
# PASS: ~ of 1001 = 6
# PASS: -6 + -8 = -14
# PASS: reset operation complete--- of a= 0000 -- b= 0000
# PASS: reset operation complete--- of a= 0000 -- b= 0000
# PASS: reset operation complete--- of a= 0000 -- b= 0000
# PASS: ~ of 0011 = -4
# PASS: reset operation complete--- of a= 0000 -- b= 0000
# PASS: reset operation complete--- of a= 0000 -- b= 0000
# PASS: reset operation complete--- of a= 0000 -- b= 0000
# PASS: reset operation complete--- of a= 0000 -- b= 0000
# Running Directed Tests...
# PASS: ~ of 0110 = -7
# Ending Directed Tests...
# exit
# End time: 10:42:12 on Nov 30,2024, Elapsed time: 0:00:01
# Errors: 0, Warnings: 0
# *** Summary *********************************************
#     qrun: Errors:   0, Warnings:   0
#     vlog: Errors:   0, Warnings:   1
#     vopt: Errors:   0, Warnings:   3
#     vsim: Errors:   0, Warnings:   0
#   Totals: Errors:   0, Warnings:   4
